<?xml version="1.0" encoding="UTF-8"?>
<!-- Generated by org.testng.reporters.JUnitReportReporter -->
<testsuite hostname="DESKTOP-V3Q84TH" failures="0" tests="1" name="tests.AddProductTestPaymentSum" time="41.408" errors="0" timestamp="2021-05-08T23:40:48 IDT" skipped="0">
  <testcase classname="tests.AddProductTestPaymentSum" name="tc04CalcProductsPrice" time="41.408"/>
  <system-out/>
</testsuite> <!-- tests.AddProductTestPaymentSum -->
