<?xml version="1.0" encoding="UTF-8"?>
<!-- Generated by org.testng.reporters.JUnitReportReporter -->
<testsuite hostname="DESKTOP-V3Q84TH" failures="0" tests="6" name="tests.SignInUserToSystem" time="132.682" errors="0" timestamp="2021-05-01T12:29:35 IDT" skipped="0">
  <testcase classname="tests.SignInUserToSystem" name="tc02SignInFailed" time="22.578"/>
  <system-out/>
  <testcase classname="tests.SignInUserToSystem" name="tc02SignInFailed" time="22.733"/>
  <system-out/>
  <testcase classname="tests.SignInUserToSystem" name="tc02SignInFailed" time="22.424"/>
  <system-out/>
  <testcase classname="tests.SignInUserToSystem" name="tc02SignInFailed" time="27.563"/>
  <system-out/>
  <testcase classname="tests.SignInUserToSystem" name="tc03SignInSuccessfullyToSystem" time="10.071"/>
  <system-out/>
  <testcase classname="tests.SignInUserToSystem" name="tc01SignInFailed" time="27.313"/>
  <system-out/>
</testsuite> <!-- tests.SignInUserToSystem -->
