<?xml version="1.0" encoding="UTF-8"?>
<!-- Generated by org.testng.reporters.JUnitReportReporter -->
<testsuite hostname="DESKTOP-V3Q84TH" failures="0" tests="1" name="tests.QuickViewProduct" time="20.577" errors="0" timestamp="2021-04-10T19:17:28 IDT" skipped="0">
  <testcase classname="tests.QuickViewProduct" name="tc01ClickPreview" time="20.577"/>
  <system-out/>
</testsuite> <!-- tests.QuickViewProduct -->
