<?xml version="1.0" encoding="UTF-8"?>
<!-- Generated by org.testng.reporters.JUnitReportReporter -->
<testsuite hostname="DESKTOP-V3Q84TH" failures="0" tests="2" name="tests.SearchProduct" time="14.542" errors="0" timestamp="2021-05-01T11:42:23 IDT" skipped="0">
  <testcase classname="tests.SearchProduct" name="tc01SearchNotExistProduct" time="6.982"/>
  <system-out/>
  <testcase classname="tests.SearchProduct" name="tc01SearchExistProduct" time="7.560"/>
  <system-out/>
</testsuite> <!-- tests.SearchProduct -->
