<?xml version="1.0" encoding="UTF-8"?>
<!-- Generated by org.testng.reporters.JUnitReportReporter -->
<testsuite hostname="DESKTOP-V3Q84TH" failures="0" tests="1" name="tests.CreateUser" time="28.030" errors="0" timestamp="2021-05-08T22:20:36 IDT" skipped="0">
  <testcase classname="tests.CreateUser" name="tc01CreateUser" time="28.030"/>
  <system-out/>
</testsuite> <!-- tests.CreateUser -->
