<?xml version="1.0" encoding="UTF-8"?>
<!-- Generated by org.testng.reporters.JUnitReportReporter -->
<testsuite skipped="0" hostname="DESKTOP-V3Q84TH" name="tests.ProductTabSelection" tests="2" failures="0" timestamp="2021-05-08T23:52:40 IDT" time="10.219" errors="0">
  <testcase name="tc02ProductSelection" time="0.115" classname="tests.ProductTabSelection"/>
  <system-out/>
  <testcase name="tc01ProductTabSelection" time="10.104" classname="tests.ProductTabSelection"/>
  <system-out/>
</testsuite> <!-- tests.ProductTabSelection -->
