<?xml version="1.0" encoding="UTF-8"?>
<!-- Generated by org.testng.reporters.JUnitReportReporter -->
<testsuite skipped="0" hostname="DESKTOP-V3Q84TH" name="tests.SignInUserToSystem" tests="6" failures="0" timestamp="2021-05-08T23:52:40 IDT" time="124.069" errors="0">
  <testcase name="tc02SignInFailed" time="23.814" classname="tests.SignInUserToSystem"/>
  <system-out/>
  <testcase name="tc02SignInFailed" time="23.514" classname="tests.SignInUserToSystem"/>
  <system-out/>
  <testcase name="tc03SignInSuccessfullyToSystem" time="8.823" classname="tests.SignInUserToSystem"/>
  <system-out/>
  <testcase name="tc01SignInFailed" time="22.594" classname="tests.SignInUserToSystem"/>
  <system-out/>
  <testcase name="tc02SignInFailed" time="22.369" classname="tests.SignInUserToSystem"/>
  <system-out/>
  <testcase name="tc02SignInFailed" time="22.955" classname="tests.SignInUserToSystem"/>
  <system-out/>
</testsuite> <!-- tests.SignInUserToSystem -->
