<?xml version="1.0" encoding="UTF-8"?>
<!-- Generated by org.testng.reporters.JUnitReportReporter -->
<testsuite skipped="0" hostname="DESKTOP-V3Q84TH" name="tests.AddProduct" tests="2" failures="0" timestamp="2021-05-08T23:52:40 IDT" time="79.075" errors="0">
  <testcase name="tc02AddFewProduct" time="61.607" classname="tests.AddProduct"/>
  <system-out/>
  <testcase name="tc01AddProduct" time="17.468" classname="tests.AddProduct"/>
  <system-out/>
</testsuite> <!-- tests.AddProduct -->
