<?xml version="1.0" encoding="UTF-8"?>
<!-- Generated by org.testng.reporters.JUnitReportReporter -->
<testsuite skipped="0" hostname="DESKTOP-V3Q84TH" name="tests.ReceiveDeliveryPage" tests="1" failures="0" timestamp="2021-05-08T23:52:40 IDT" time="9.450" errors="0">
  <testcase name="tc01ReveiDeliveryPage" time="9.450" classname="tests.ReceiveDeliveryPage"/>
  <system-out/>
</testsuite> <!-- tests.ReceiveDeliveryPage -->
