<?xml version="1.0" encoding="UTF-8"?>
<!-- Generated by org.testng.reporters.JUnitReportReporter -->
<testsuite skipped="0" hostname="DESKTOP-V3Q84TH" name="tests.CreateUser" tests="1" failures="0" timestamp="2021-05-08T23:52:40 IDT" time="28.334" errors="0">
  <testcase name="tc01CreateUser" time="28.334" classname="tests.CreateUser"/>
  <system-out/>
</testsuite> <!-- tests.CreateUser -->
