<?xml version="1.0" encoding="UTF-8"?>
<!-- Generated by org.testng.reporters.JUnitReportReporter -->
<testsuite skipped="0" hostname="DESKTOP-V3Q84TH" name="tests.SearchProduct" tests="2" failures="0" timestamp="2021-05-08T23:52:40 IDT" time="14.022" errors="0">
  <testcase name="tc01SearchExistProduct" time="7.054" classname="tests.SearchProduct"/>
  <system-out/>
  <testcase name="tc01SearchNotExistProduct" time="6.968" classname="tests.SearchProduct"/>
  <system-out/>
</testsuite> <!-- tests.SearchProduct -->
