<?xml version="1.0" encoding="UTF-8"?>
<!-- Generated by org.testng.reporters.JUnitReportReporter -->
<testsuite skipped="0" hostname="DESKTOP-V3Q84TH" name="tests.BackToLoginFromSignIn" tests="1" failures="0" timestamp="2021-05-08T23:52:40 IDT" time="23.991" errors="0">
  <testcase name="tc01BackToLogin" time="23.991" classname="tests.BackToLoginFromSignIn"/>
  <system-out/>
</testsuite> <!-- tests.BackToLoginFromSignIn -->
